This is pdfTeX, Version 3.14159265-2.6-1.40.20 (MiKTeX 2.9.7140 64-bit) (preloaded format=pdflatex 2019.9.18)  7 SEP 2020 00:38
entering extended mode
**./tesist.tex
(tesist.tex
LaTeX2e <2018-12-01>
("C:\Users\Marcel\AppData\Local\Programs\MiKTeX 2.9\tex/latex/base\book.cls"
Document Class: book 2018/09/03 v1.4i Standard LaTeX document class
("C:\Users\Marcel\AppData\Local\Programs\MiKTeX 2.9\tex/latex/base\bk11.clo"
File: bk11.clo 2018/09/03 v1.4i Standard LaTeX file (size option)
)
\c@part=\count80
\c@chapter=\count81
\c@section=\count82
\c@subsection=\count83
\c@subsubsection=\count84
\c@paragraph=\count85
\c@subparagraph=\count86
\c@figure=\count87
\c@table=\count88
\abovecaptionskip=\skip41
\belowcaptionskip=\skip42
\bibindent=\dimen102
)
("C:\Users\Marcel\AppData\Local\Programs\MiKTeX 2.9\tex/generic/babel\babel.sty
"
Package: babel 2019/07/19 3.33 The Babel package

("C:\Users\Marcel\AppData\Local\Programs\MiKTeX 2.9\tex/generic/babel\switch.de
f"
File: switch.def 2019/07/19 3.33 Babel switching mechanism
)
*************************************
* Local config file bblopts.cfg used
*
("C:\Users\Marcel\AppData\Local\Programs\MiKTeX 2.9\tex/latex/arabi\bblopts.cfg
"
File: bblopts.cfg 2005/09/08 v0.1 add Arabic and Farsi to "declared" options of
 babel
)
("C:\Users\Marcel\AppData\Local\Programs\MiKTeX 2.9\tex/latex/babel-spanish\spa
nish.ldf"
Language: spanish.ldf 2016/03/03 v5.0p Spanish support from the babel system

("C:\Users\Marcel\AppData\Local\Programs\MiKTeX 2.9\tex/generic/babel\babel.def
"
File: babel.def 2019/07/19 3.33 Babel common definitions
\babel@savecnt=\count89
\U@D=\dimen103

("C:\Users\Marcel\AppData\Local\Programs\MiKTeX 2.9\tex/generic/babel\txtbabel.
def")
\bbl@dirlevel=\count90
)
\es@quottoks=\toks14
\es@quotdepth=\count91
Package babel Info: Making " an active character on input line 561.
Package babel Info: Making . an active character on input line 662.
Package babel Info: Making < an active character on input line 707.
Package babel Info: Making > an active character on input line 707.
))
("C:\Users\Marcel\AppData\Local\Programs\MiKTeX 2.9\tex/latex/graphics\graphicx
.sty"
Package: graphicx 2017/06/01 v1.1a Enhanced LaTeX Graphics (DPC,SPQR)

("C:\Users\Marcel\AppData\Local\Programs\MiKTeX 2.9\tex/latex/graphics\keyval.s
ty"
Package: keyval 2014/10/28 v1.15 key=value parser (DPC)
\KV@toks@=\toks15
)
("C:\Users\Marcel\AppData\Local\Programs\MiKTeX 2.9\tex/latex/graphics\graphics
.sty"
Package: graphics 2017/06/25 v1.2c Standard LaTeX Graphics (DPC,SPQR)

("C:\Users\Marcel\AppData\Local\Programs\MiKTeX 2.9\tex/latex/graphics\trig.sty
"
Package: trig 2016/01/03 v1.10 sin cos tan (DPC)
)
("C:\Users\Marcel\AppData\Local\Programs\MiKTeX 2.9\tex/latex/graphics-cfg\grap
hics.cfg"
File: graphics.cfg 2016/06/04 v1.11 sample graphics configuration
)
Package graphics Info: Driver file: pdftex.def on input line 99.

("C:\Users\Marcel\AppData\Local\Programs\MiKTeX 2.9\tex/latex/graphics-def\pdft
ex.def"
File: pdftex.def 2018/01/08 v1.0l Graphics/color driver for pdftex
))
\Gin@req@height=\dimen104
\Gin@req@width=\dimen105
) (tesist.aux
LaTeX Info: Redefining \. on input line 6.
LaTeX Info: Redefining \% on input line 6.
)
\openout1 = `tesist.aux'.

LaTeX Font Info:    Checking defaults for OML/cmm/m/it on input line 8.
LaTeX Font Info:    ... okay on input line 8.
LaTeX Font Info:    Checking defaults for T1/cmr/m/n on input line 8.
LaTeX Font Info:    ... okay on input line 8.
LaTeX Font Info:    Checking defaults for OT1/cmr/m/n on input line 8.
LaTeX Font Info:    ... okay on input line 8.
LaTeX Font Info:    Checking defaults for OMS/cmsy/m/n on input line 8.
LaTeX Font Info:    ... okay on input line 8.
LaTeX Font Info:    Checking defaults for OMX/cmex/m/n on input line 8.
LaTeX Font Info:    ... okay on input line 8.
LaTeX Font Info:    Checking defaults for U/cmr/m/n on input line 8.
LaTeX Font Info:    ... okay on input line 8.
LaTeX Info: Redefining \. on input line 8.
LaTeX Info: Redefining \% on input line 8.

("C:\Users\Marcel\AppData\Local\Programs\MiKTeX 2.9\tex/context/base/mkii\supp-
pdf.mkii"
[Loading MPS to PDF converter (version 2006.09.02).]
\scratchcounter=\count92
\scratchdimen=\dimen106
\scratchbox=\box27
\nofMPsegments=\count93
\nofMParguments=\count94
\everyMPshowfont=\toks16
\MPscratchCnt=\count95
\MPscratchDim=\dimen107
\MPnumerator=\count96
\makeMPintoPDFobject=\count97
\everyMPtoPDFconversion=\toks17
)
("C:\Users\Marcel\AppData\Local\Programs\MiKTeX 2.9\tex/latex/oberdiek\epstopdf
-base.sty"
Package: epstopdf-base 2016/05/15 v2.6 Base part for package epstopdf

("C:\Users\Marcel\AppData\Local\Programs\MiKTeX 2.9\tex/generic/oberdiek\infwar
err.sty"
Package: infwarerr 2016/05/16 v1.4 Providing info/warning/error messages (HO)
)
("C:\Users\Marcel\AppData\Local\Programs\MiKTeX 2.9\tex/latex/oberdiek\grfext.s
ty"
Package: grfext 2016/05/16 v1.2 Manage graphics extensions (HO)

("C:\Users\Marcel\AppData\Local\Programs\MiKTeX 2.9\tex/generic/oberdiek\kvdefi
nekeys.sty"
Package: kvdefinekeys 2016/05/16 v1.4 Define keys (HO)

("C:\Users\Marcel\AppData\Local\Programs\MiKTeX 2.9\tex/generic/oberdiek\ltxcmd
s.sty"
Package: ltxcmds 2016/05/16 v1.23 LaTeX kernel commands for general use (HO)
)))
("C:\Users\Marcel\AppData\Local\Programs\MiKTeX 2.9\tex/latex/oberdiek\kvoption
s.sty"
Package: kvoptions 2016/05/16 v3.12 Key value format for package options (HO)

("C:\Users\Marcel\AppData\Local\Programs\MiKTeX 2.9\tex/generic/oberdiek\kvsetk
eys.sty"
Package: kvsetkeys 2016/05/16 v1.17 Key value parser (HO)

("C:\Users\Marcel\AppData\Local\Programs\MiKTeX 2.9\tex/generic/oberdiek\etexcm
ds.sty"
Package: etexcmds 2016/05/16 v1.6 Avoid name clashes with e-TeX commands (HO)

("C:\Users\Marcel\AppData\Local\Programs\MiKTeX 2.9\tex/generic/oberdiek\ifluat
ex.sty"
Package: ifluatex 2016/05/16 v1.4 Provides the ifluatex switch (HO)
Package ifluatex Info: LuaTeX not detected.
))))
("C:\Users\Marcel\AppData\Local\Programs\MiKTeX 2.9\tex/generic/oberdiek\pdftex
cmds.sty"
Package: pdftexcmds 2019/07/25 v0.30 Utility functions of pdfTeX for LuaTeX (HO
)

("C:\Users\Marcel\AppData\Local\Programs\MiKTeX 2.9\tex/generic/oberdiek\ifpdf.
sty"
Package: ifpdf 2018/09/07 v3.3 Provides the ifpdf switch
)
Package pdftexcmds Info: LuaTeX not detected.
Package pdftexcmds Info: \pdf@primitive is available.
Package pdftexcmds Info: \pdf@ifprimitive is available.
Package pdftexcmds Info: \pdfdraftmode found.
)
Package epstopdf-base Info: Redefining graphics rule for `.eps' on input line 4
38.
Package grfext Info: Graphics extension search list:
(grfext)             [.pdf,.png,.jpg,.mps,.jpeg,.jbig2,.jb2,.PDF,.PNG,.JPG,.JPE
G,.JBIG2,.JB2,.eps]
(grfext)             \AppendGraphicsExtensions on input line 456.
)
<./Graphics/uhlogo.pdf, id=1, 401.5pt x 513.92pt>
File: ./Graphics/uhlogo.pdf Graphic file (type pdf)
<use ./Graphics/uhlogo.pdf>
Package pdftex.def Info: ./Graphics/uhlogo.pdf  used on input line 17.
(pdftex.def)             Requested size: 85.35826pt x 109.25948pt.
 [1


{C:/Users/Marcel/AppData/Local/MiKTeX/2.9/pdftex/config/pdftex.map} <./Graphics
/uhlogo.pdf>] (tesist.toc
LaTeX Info: Redefining \. on input line 1.
LaTeX Info: Redefining \% on input line 1.
LaTeX Font Info:    External font `cmex10' loaded for size
(Font)              <10.95> on input line 3.
LaTeX Font Info:    External font `cmex10' loaded for size
(Font)              <8> on input line 3.
LaTeX Font Info:    External font `cmex10' loaded for size
(Font)              <6> on input line 3.
)
\tf@toc=\write3
\openout3 = `tesist.toc'.

 [1

] [2

] [3

] [4

] [5

] [6

]
Cap\'{\i }tulo 1.
[7

]
Underfull \hbox (badness 10000) in paragraph at lines 127--128

 []

<./Graphics/EoAmetaheuristicas.png, id=33, 543.2295pt x 271.61475pt>
File: ./Graphics/EoAmetaheuristicas.png Graphic file (type png)
<use ./Graphics/EoAmetaheuristicas.png>
Package pdftex.def Info: ./Graphics/EoAmetaheuristicas.png  used on input line 
131.
(pdftex.def)             Requested size: 434.58418pt x 217.29208pt.

Overfull \hbox (74.58418pt too wide) in paragraph at lines 131--132
 [][] 
 []

LaTeX Info: Redefining \. on input line 134.
LaTeX Info: Redefining \% on input line 134.
[8]
Underfull \hbox (badness 10000) in paragraph at lines 136--137

 []

LaTeX Info: Redefining \. on input line 141.
LaTeX Info: Redefining \% on input line 141.
[9 <./Graphics/EoAmetaheuristicas.png>]
LaTeX Info: Redefining \. on input line 160.
LaTeX Info: Redefining \% on input line 160.
 [10]
Cap\'{\i }tulo 2.
[11

]
Underfull \hbox (badness 10000) in paragraph at lines 173--174

 []


Underfull \hbox (badness 10000) in paragraph at lines 177--178

 []

LaTeX Info: Redefining \. on input line 182.
LaTeX Info: Redefining \% on input line 182.
[12]
<./Graphics/GRASPgeneral.png, id=57, 585.98924pt x 246.9225pt>
File: ./Graphics/GRASPgeneral.png Graphic file (type png)
<use ./Graphics/GRASPgeneral.png>
Package pdftex.def Info: ./Graphics/GRASPgeneral.png  used on input line 204.
(pdftex.def)             Requested size: 284.52756pt x 119.89665pt.
LaTeX Info: Redefining \. on input line 207.
LaTeX Info: Redefining \% on input line 207.
 [13]
<./Graphics/GRASPconstructionphase.png, id=61, 587.796pt x 245.11575pt>
File: ./Graphics/GRASPconstructionphase.png Graphic file (type png)
<use ./Graphics/GRASPconstructionphase.png>
Package pdftex.def Info: ./Graphics/GRASPconstructionphase.png  used on input l
ine 215.
(pdftex.def)             Requested size: 284.52756pt x 118.65283pt.
<./Graphics/GRASPlocal.png, id=62, 428.19975pt x 218.0145pt>
File: ./Graphics/GRASPlocal.png Graphic file (type png)
<use ./Graphics/GRASPlocal.png>
Package pdftex.def Info: ./Graphics/GRASPlocal.png  used on input line 226.
(pdftex.def)             Requested size: 284.52756pt x 144.86803pt.
LaTeX Info: Redefining \. on input line 229.
LaTeX Info: Redefining \% on input line 229.
 [14 <./Graphics/GRASPgeneral.png> <./Graphics/GRASPconstructionphase.png>]
LaTeX Info: Redefining \. on input line 236.
LaTeX Info: Redefining \% on input line 236.
 [15 <./Graphics/GRASPlocal.png>]
<./Graphics/RecocidoSimuladoOptLocal.png, id=69, 444.4605pt x 168.02776pt>
File: ./Graphics/RecocidoSimuladoOptLocal.png Graphic file (type png)
<use ./Graphics/RecocidoSimuladoOptLocal.png>
Package pdftex.def Info: ./Graphics/RecocidoSimuladoOptLocal.png  used on input
 line 239.
(pdftex.def)             Requested size: 284.52756pt x 107.56816pt.

Underfull \hbox (badness 10000) in paragraph at lines 244--245

 []

<./Graphics/RecocidoSimulado.png, id=70, 444.4605pt x 265.59225pt>
File: ./Graphics/RecocidoSimulado.png Graphic file (type png)
<use ./Graphics/RecocidoSimulado.png>
Package pdftex.def Info: ./Graphics/RecocidoSimulado.png  used on input line 25
0.
(pdftex.def)             Requested size: 284.52756pt x 170.02707pt.

LaTeX Warning: `h' float specifier changed to `ht'.

LaTeX Info: Redefining \. on input line 259.
LaTeX Info: Redefining \% on input line 259.
[16 <./Graphics/RecocidoSimuladoOptLocal.png>]
<./Graphics/Genetic-Algorithm-pseudocode.png, id=75, 491.8375pt x 301.125pt>
File: ./Graphics/Genetic-Algorithm-pseudocode.png Graphic file (type png)
<use ./Graphics/Genetic-Algorithm-pseudocode.png>
Package pdftex.def Info: ./Graphics/Genetic-Algorithm-pseudocode.png  used on i
nput line 271.
(pdftex.def)             Requested size: 256.0748pt x 156.78806pt.
LaTeX Info: Redefining \. on input line 280.
LaTeX Info: Redefining \% on input line 280.
 [17 <./Graphics/RecocidoSimulado.png> <./Graphics/Genetic-Algorithm-pseudocode
.png (PNG copy)>]
LaTeX Info: Redefining \. on input line 288.
LaTeX Info: Redefining \% on input line 288.
 [18]
Cap\'{\i }tulo 3.
[19

]
Underfull \hbox (badness 10000) in paragraph at lines 314--315

 []

LaTeX Info: Redefining \. on input line 333.
LaTeX Info: Redefining \% on input line 333.
[20]
Underfull \hbox (badness 10000) in paragraph at lines 334--335

 []


Underfull \hbox (badness 10000) in paragraph at lines 345--346

 []


Underfull \hbox (badness 10000) in paragraph at lines 354--355

 []

LaTeX Info: Redefining \. on input line 357.
LaTeX Info: Redefining \% on input line 357.
[21]

LaTeX Warning: No positions in optional float specifier.
               Default added (so using `!tbp') on input line 361.

<./Graphics/FiltrodeGRASP1.png, id=93, 676.62181pt x 313.33168pt>
File: ./Graphics/FiltrodeGRASP1.png Graphic file (type png)
<use ./Graphics/FiltrodeGRASP1.png>
Package pdftex.def Info: ./Graphics/FiltrodeGRASP1.png  used on input line 363.

(pdftex.def)             Requested size: 341.43306pt x 158.1141pt.

LaTeX Warning: No positions in optional float specifier.
               Default added (so using `!tbp') on input line 368.

<./Graphics/GraficoGRASP1.png, id=94, 561.66885pt x 420.03906pt>
File: ./Graphics/GraficoGRASP1.png Graphic file (type png)
<use ./Graphics/GraficoGRASP1.png>
Package pdftex.def Info: ./Graphics/GraficoGRASP1.png  used on input line 370.
(pdftex.def)             Requested size: 284.52756pt x 212.7814pt.
LaTeX Info: Redefining \. on input line 384.
LaTeX Info: Redefining \% on input line 384.
[22 <./Graphics/FiltrodeGRASP1.png>]
<./Graphics/GraficoGenetico1.png, id=99, 553.4233pt x 390.45201pt>
File: ./Graphics/GraficoGenetico1.png Graphic file (type png)
<use ./Graphics/GraficoGenetico1.png>
Package pdftex.def Info: ./Graphics/GraficoGenetico1.png  used on input line 39
0.
(pdftex.def)             Requested size: 284.52756pt x 200.74245pt.


LaTeX Warning: `h' float specifier changed to `ht'.

LaTeX Info: Redefining \. on input line 400.
LaTeX Info: Redefining \% on input line 400.
[23 <./Graphics/GraficoGRASP1.png>]
<./Graphics/OperadordeGenetico.png, id=104, 533.53691pt x 299.75073pt>
File: ./Graphics/OperadordeGenetico.png Graphic file (type png)
<use ./Graphics/OperadordeGenetico.png>
Package pdftex.def Info: ./Graphics/OperadordeGenetico.png  used on input line 
407.
(pdftex.def)             Requested size: 284.52756pt x 159.8505pt.
LaTeX Info: Redefining \. on input line 416.
LaTeX Info: Redefining \% on input line 416.
 [24 <./Graphics/GraficoGenetico1.png> <./Graphics/OperadordeGenetico.png>]
LaTeX Info: Redefining \. on input line 427.
LaTeX Info: Redefining \% on input line 427.
 [25]
Cap\'{\i }tulo 4.

Underfull \hbox (badness 10000) in paragraph at lines 432--433

 []


LaTeX Warning: `h' float specifier changed to `ht'.


LaTeX Warning: `h' float specifier changed to `ht'.


Underfull \hbox (badness 10000) in paragraph at lines 477--478

 []

[26

]
Underfull \hbox (badness 10000) in paragraph at lines 488--489

 []

LaTeX Info: Redefining \. on input line 489.
LaTeX Info: Redefining \% on input line 489.
[27]
Underfull \hbox (badness 10000) in paragraph at lines 490--491

 []


Underfull \hbox (badness 10000) in paragraph at lines 494--495

 []


Underfull \hbox (badness 10000) in paragraph at lines 509--510

 []

LaTeX Info: Redefining \. on input line 510.
LaTeX Info: Redefining \% on input line 510.
[28]
Underfull \hbox (badness 10000) in paragraph at lines 511--512

 []


Underfull \hbox (badness 10000) in paragraph at lines 515--516

 []


Underfull \hbox (badness 10000) in paragraph at lines 517--518

 []


Underfull \hbox (badness 10000) in paragraph at lines 519--520

 []

LaTeX Info: Redefining \. on input line 520.
LaTeX Info: Redefining \% on input line 520.
[29]
Underfull \hbox (badness 10000) in paragraph at lines 521--522

 []


LaTeX Warning: `h' float specifier changed to `ht'.

LaTeX Info: Redefining \. on input line 570.
LaTeX Info: Redefining \% on input line 570.
[30]
<./Graphics/Calls-MP.png, id=130, 452.892pt x 236.5638pt>
File: ./Graphics/Calls-MP.png Graphic file (type png)
<use ./Graphics/Calls-MP.png>
Package pdftex.def Info: ./Graphics/Calls-MP.png  used on input line 588.
(pdftex.def)             Requested size: 284.52756pt x 148.62447pt.
LaTeX Info: Redefining \. on input line 595.
LaTeX Info: Redefining \% on input line 595.
 [31 <./Graphics/Calls-MP.png>]
LaTeX Info: Redefining \. on input line 635.
LaTeX Info: Redefining \% on input line 635.
 [32]
Underfull \hbox (badness 10000) in paragraph at lines 659--660

 []

<./Graphics/Calls-Anagramas.png, id=138, 420.1296pt x 257.763pt>
File: ./Graphics/Calls-Anagramas.png Graphic file (type png)
<use ./Graphics/Calls-Anagramas.png>
Package pdftex.def Info: ./Graphics/Calls-Anagramas.png  used on input line 665
.
(pdftex.def)             Requested size: 284.52756pt x 174.56462pt.

LaTeX Warning: `!h' float specifier changed to `!ht'.

LaTeX Info: Redefining \. on input line 673.
LaTeX Info: Redefining \% on input line 673.
[33]
LaTeX Info: Redefining \. on input line 687.
LaTeX Info: Redefining \% on input line 687.
 [34 <./Graphics/Calls-Anagramas.png>] (tesist.bbl
LaTeX Info: Redefining \. on input line 1.
LaTeX Info: Redefining \% on input line 1.
 [35] [36

])
LaTeX Info: Redefining \. on input line 708.
LaTeX Info: Redefining \% on input line 708.
 [37]
(tesist.aux
LaTeX Info: Redefining \. on input line 6.
LaTeX Info: Redefining \% on input line 6.
) ) 
Here is how much of TeX's memory you used:
 2580 strings out of 492895
 38518 string characters out of 3123268
 113979 words of memory out of 3000000
 6462 multiletter control sequences out of 15000+200000
 9808 words of font info for 34 fonts, out of 3000000 for 9000
 1141 hyphenation exceptions out of 8191
 41i,8n,31p,1220b,403s stack positions out of 5000i,500n,10000p,200000b,50000s
<C:/Users/Marcel/AppData/Local/Programs/MiKTeX 2.9/fonts/type1/public/amsfon
ts/cm/cmbx10.pfb><C:/Users/Marcel/AppData/Local/Programs/MiKTeX 2.9/fonts/type1
/public/amsfonts/cm/cmbx12.pfb><C:/Users/Marcel/AppData/Local/Programs/MiKTeX 2
.9/fonts/type1/public/amsfonts/cm/cmmi10.pfb><C:/Users/Marcel/AppData/Local/Pro
grams/MiKTeX 2.9/fonts/type1/public/amsfonts/cm/cmmi8.pfb><C:/Users/Marcel/AppD
ata/Local/Programs/MiKTeX 2.9/fonts/type1/public/amsfonts/cm/cmr10.pfb><C:/User
s/Marcel/AppData/Local/Programs/MiKTeX 2.9/fonts/type1/public/amsfonts/cm/cmr8.
pfb><C:/Users/Marcel/AppData/Local/Programs/MiKTeX 2.9/fonts/type1/public/amsfo
nts/cm/cmsl10.pfb><C:/Users/Marcel/AppData/Local/Programs/MiKTeX 2.9/fonts/type
1/public/amsfonts/cm/cmsy10.pfb><C:/Users/Marcel/AppData/Local/Programs/MiKTeX 
2.9/fonts/type1/public/amsfonts/cm/cmsy8.pfb><C:/Users/Marcel/AppData/Local/Pro
grams/MiKTeX 2.9/fonts/type1/public/amsfonts/cm/cmti10.pfb>
Output written on tesist.pdf (38 pages, 1114220 bytes).
PDF statistics:
 190 PDF objects out of 1000 (max. 8388607)
 0 named destinations out of 1000 (max. 500000)
 71 words of extra memory for PDF output out of 10000 (max. 10000000)

